#
# There is insufficient memory for the Java Runtime Environment to continue.
# Native memory allocation (mmap) failed to map 24117248 bytes for G1 virtual space
# Possible reasons:
#   The system is out of physical RAM or swap space
#   The process is running with CompressedOops enabled, and the Java Heap may be blocking the growth of the native heap
# Possible solutions:
#   Reduce memory load on the system
#   Increase physical memory or swap space
#   Check if swap backing store is full
#   Decrease Java heap size (-Xmx/-Xms)
#   Decrease number of Java threads
#   Decrease Java thread stack sizes (-Xss)
#   Set larger code cache with -XX:ReservedCodeCacheSize=
#   JVM is running with Unscaled Compressed Oops mode in which the Java heap is
#     placed in the first 4GB address space. The Java Heap base address is the
#     maximum limit for the native heap growth. Please use -XX:HeapBaseMinAddress
#     to set the Java Heap base and to place the Java Heap above 4GB virtual address.
# This output file may be truncated or incomplete.
#
#  Out of Memory Error (os_windows.cpp:3548), pid=13836, tid=21204
#
# JRE version: Java(TM) SE Runtime Environment (17.0.10+11) (build 17.0.10+11-LTS-240)
# Java VM: Java HotSpot(TM) 64-Bit Server VM (17.0.10+11-LTS-240, mixed mode, emulated-client, sharing, tiered, compressed oops, compressed class ptrs, g1 gc, windows-amd64)
# No core dump will be written. Minidumps are not enabled by default on client versions of Windows
#

---------------  S U M M A R Y ------------

Command Line: -XX:TieredStopAtLevel=1 -Dspring.output.ansi.enabled=always -Dcom.sun.management.jmxremote -Dspring.jmx.enabled=true -Dspring.liveBeansView.mbeanDomain -Dspring.application.admin.enabled=true -Dmanagement.endpoints.jmx.exposure.include=* -javaagent:C:\Program Files\JetBrains\IntelliJ IDEA 2024.2.0.1\lib\idea_rt.jar=62385:C:\Program Files\JetBrains\IntelliJ IDEA 2024.2.0.1\bin -Dfile.encoding=UTF-8 com.example.mscatalog.MsCatalogApplication

Host: 12th Gen Intel(R) Core(TM) i7-12700, 20 cores, 7G,  Windows 11 , 64 bit Build 22621 (10.0.22621.3958)
Time: Thu Oct 17 08:17:41 2024 Hora est. Pacífico, Sudamérica elapsed time: 6.071537 seconds (0d 0h 0m 6s)

---------------  T H R E A D  ---------------

Current thread (0x000001505417da20):  VMThread "VM Thread" [stack: 0x00000035cae00000,0x00000035caf00000] [id=21204]

Stack: [0x00000035cae00000,0x00000035caf00000]
Native frames: (J=compiled Java code, j=interpreted, Vv=VM code, C=native code)
V  [jvm.dll+0x677a5a]
V  [jvm.dll+0x7d8b2d]
V  [jvm.dll+0x7da48e]
V  [jvm.dll+0x7daaf3]
V  [jvm.dll+0x2455ff]
V  [jvm.dll+0x6749b9]
V  [jvm.dll+0x669382]
V  [jvm.dll+0x302e96]
V  [jvm.dll+0x30a416]
V  [jvm.dll+0x359cbe]
V  [jvm.dll+0x359eef]
V  [jvm.dll+0x2d9e88]
V  [jvm.dll+0x2d8295]
V  [jvm.dll+0x2d789c]
V  [jvm.dll+0x31b18b]
V  [jvm.dll+0x7df30b]
V  [jvm.dll+0x7e0044]
V  [jvm.dll+0x7e055d]
V  [jvm.dll+0x7e0934]
V  [jvm.dll+0x7e0a00]
V  [jvm.dll+0x78888a]
V  [jvm.dll+0x676935]
C  [ucrtbase.dll+0x29333]
C  [KERNEL32.DLL+0x1257d]
C  [ntdll.dll+0x5af08]

VM_Operation (0x00000035ceffdfb0): G1CollectForAllocation, mode: safepoint, requested by thread 0x000001509d0198d0


---------------  P R O C E S S  ---------------

Threads class SMR info:
_java_thread_list=0x000001509d0c8d60, length=55, elements={
0x0000015041449e70, 0x0000015054181620, 0x00000150541843b0, 0x0000015054197130,
0x0000015054198b00, 0x00000150541994c0, 0x0000015054199e80, 0x000001505419a8f0,
0x00000150541a73b0, 0x0000015054168bf0, 0x000001505447fb80, 0x0000015054a3ce60,
0x0000015054a3d540, 0x0000015054ba6f90, 0x0000015054b2c370, 0x0000015054c269a0,
0x0000015054c32720, 0x000001509b4261b0, 0x000001509a5f9aa0, 0x000001509aae3020,
0x000001509a5f7c40, 0x000001509a5f9590, 0x000001509a5f7730, 0x000001509a5fc320,
0x000001509a5f9080, 0x000001509a5f9fb0, 0x000001509a5f7220, 0x000001509a5fb900,
0x000001509a5f58d0, 0x000001509a5fbe10, 0x000001509a5f8b70, 0x000001509a5f6800,
0x000001509a5fc830, 0x000001509a5f5de0, 0x000001509a5f8150, 0x000001509a5f8660,
0x000001509a5f6d10, 0x000001509d017560, 0x000001509d011f50, 0x000001509d017a70,
0x000001509d013390, 0x000001509d015c10, 0x000001509d012460, 0x000001509d018eb0,
0x000001509d0193c0, 0x000001509d018490, 0x000001509d0198d0, 0x000001509d016630,
0x000001509d017050, 0x000001509d016b40, 0x000001509d012970, 0x000001509d012e80,
0x000001509d0138a0, 0x000001509d017f80, 0x000001509d0189a0
}

Java Threads: ( => current thread )
  0x0000015041449e70 JavaThread "main" [_thread_blocked, id=9912, stack(0x00000035ca800000,0x00000035ca900000)]
  0x0000015054181620 JavaThread "Reference Handler" daemon [_thread_blocked, id=20400, stack(0x00000035caf00000,0x00000035cb000000)]
  0x00000150541843b0 JavaThread "Finalizer" daemon [_thread_blocked, id=19184, stack(0x00000035cb000000,0x00000035cb100000)]
  0x0000015054197130 JavaThread "Signal Dispatcher" daemon [_thread_blocked, id=3948, stack(0x00000035cb100000,0x00000035cb200000)]
  0x0000015054198b00 JavaThread "Attach Listener" daemon [_thread_blocked, id=15908, stack(0x00000035cb200000,0x00000035cb300000)]
  0x00000150541994c0 JavaThread "Service Thread" daemon [_thread_blocked, id=21216, stack(0x00000035cb300000,0x00000035cb400000)]
  0x0000015054199e80 JavaThread "Monitor Deflation Thread" daemon [_thread_blocked, id=20532, stack(0x00000035cb400000,0x00000035cb500000)]
  0x000001505419a8f0 JavaThread "C1 CompilerThread0" daemon [_thread_blocked, id=20296, stack(0x00000035cb500000,0x00000035cb600000)]
  0x00000150541a73b0 JavaThread "Sweeper thread" daemon [_thread_blocked, id=7700, stack(0x00000035cb600000,0x00000035cb700000)]
  0x0000015054168bf0 JavaThread "Common-Cleaner" daemon [_thread_blocked, id=2448, stack(0x00000035cb700000,0x00000035cb800000)]
  0x000001505447fb80 JavaThread "C1 CompilerThread1" daemon [_thread_blocked, id=9660, stack(0x00000035cb800000,0x00000035cb900000)]
  0x0000015054a3ce60 JavaThread "Monitor Ctrl-Break" daemon [_thread_in_native, id=20112, stack(0x00000035cbc00000,0x00000035cbd00000)]
  0x0000015054a3d540 JavaThread "Notification Thread" daemon [_thread_blocked, id=2384, stack(0x00000035cbd00000,0x00000035cbe00000)]
  0x0000015054ba6f90 JavaThread "RMI TCP Accept-0" daemon [_thread_in_native, id=19604, stack(0x00000035cbe00000,0x00000035cbf00000)]
  0x0000015054b2c370 JavaThread "RMI TCP Connection(1)-172.22.5.34" daemon [_thread_in_native, id=12432, stack(0x00000035cc000000,0x00000035cc100000)]
  0x0000015054c269a0 JavaThread "RMI Scheduler(0)" daemon [_thread_blocked, id=15284, stack(0x00000035cc100000,0x00000035cc200000)]
  0x0000015054c32720 JavaThread "JMX server connection timeout 28" daemon [_thread_blocked, id=4428, stack(0x00000035cc200000,0x00000035cc300000)]
  0x000001509b4261b0 JavaThread "C1 CompilerThread2" daemon [_thread_blocked, id=21168, stack(0x00000035cba00000,0x00000035cbb00000)]
  0x000001509a5f9aa0 JavaThread "Keep-Alive-Timer" daemon [_thread_blocked, id=6720, stack(0x00000035cb900000,0x00000035cba00000)]
  0x000001509aae3020 JavaThread "C1 CompilerThread3" daemon [_thread_blocked, id=19864, stack(0x00000035cbb00000,0x00000035cbc00000)]
  0x000001509a5f7c40 JavaThread "Catalina-utility-1" [_thread_blocked, id=21120, stack(0x00000035ccf00000,0x00000035cd000000)]
  0x000001509a5f9590 JavaThread "Catalina-utility-2" [_thread_blocked, id=4464, stack(0x00000035cd600000,0x00000035cd700000)]
  0x000001509a5f7730 JavaThread "container-0" [_thread_blocked, id=16436, stack(0x00000035cd700000,0x00000035cd800000)]
  0x000001509a5fc320 JavaThread "mysql-cj-abandoned-connection-cleanup" daemon [_thread_blocked, id=18964, stack(0x00000035cd800000,0x00000035cd900000)]
  0x000001509a5f9080 JavaThread "HikariPool-1 housekeeper" daemon [_thread_blocked, id=1780, stack(0x00000035cd900000,0x00000035cda00000)]
  0x000001509a5f9fb0 JavaThread "HikariPool-1 connection adder" daemon [_thread_blocked, id=13816, stack(0x00000035cda00000,0x00000035cdb00000)]
  0x000001509a5f7220 JavaThread "ClassGraph-worker-58" daemon [_thread_blocked, id=7288, stack(0x00000035cdb00000,0x00000035cdc00000)]
  0x000001509a5fb900 JavaThread "ClassGraph-worker-59" daemon [_thread_blocked, id=11948, stack(0x00000035cdc00000,0x00000035cdd00000)]
  0x000001509a5f58d0 JavaThread "ClassGraph-worker-60" daemon [_thread_blocked, id=19148, stack(0x00000035cdd00000,0x00000035cde00000)]
  0x000001509a5fbe10 JavaThread "ClassGraph-worker-61" daemon [_thread_blocked, id=12028, stack(0x00000035cde00000,0x00000035cdf00000)]
  0x000001509a5f8b70 JavaThread "ClassGraph-worker-62" daemon [_thread_blocked, id=20752, stack(0x00000035cdf00000,0x00000035ce000000)]
  0x000001509a5f6800 JavaThread "ClassGraph-worker-63" daemon [_thread_blocked, id=12276, stack(0x00000035ce000000,0x00000035ce100000)]
  0x000001509a5fc830 JavaThread "ClassGraph-worker-64" daemon [_thread_blocked, id=18604, stack(0x00000035ce100000,0x00000035ce200000)]
  0x000001509a5f5de0 JavaThread "ClassGraph-worker-65" daemon [_thread_blocked, id=8564, stack(0x00000035ce200000,0x00000035ce300000)]
  0x000001509a5f8150 JavaThread "ClassGraph-worker-66" daemon [_thread_blocked, id=14856, stack(0x00000035ce300000,0x00000035ce400000)]
  0x000001509a5f8660 JavaThread "ClassGraph-worker-67" daemon [_thread_blocked, id=20380, stack(0x00000035ce400000,0x00000035ce500000)]
  0x000001509a5f6d10 JavaThread "ClassGraph-worker-68" daemon [_thread_blocked, id=20176, stack(0x00000035ce500000,0x00000035ce600000)]
  0x000001509d017560 JavaThread "ClassGraph-worker-69" daemon [_thread_blocked, id=6476, stack(0x00000035ce600000,0x00000035ce700000)]
  0x000001509d011f50 JavaThread "ClassGraph-worker-70" daemon [_thread_blocked, id=21048, stack(0x00000035ce700000,0x00000035ce800000)]
  0x000001509d017a70 JavaThread "ClassGraph-worker-71" daemon [_thread_blocked, id=15620, stack(0x00000035ce800000,0x00000035ce900000)]
  0x000001509d013390 JavaThread "ClassGraph-worker-72" daemon [_thread_blocked, id=20688, stack(0x00000035ce900000,0x00000035cea00000)]
  0x000001509d015c10 JavaThread "ClassGraph-worker-73" daemon [_thread_blocked, id=20952, stack(0x00000035cea00000,0x00000035ceb00000)]
  0x000001509d012460 JavaThread "ClassGraph-worker-74" daemon [_thread_blocked, id=19428, stack(0x00000035ceb00000,0x00000035cec00000)]
  0x000001509d018eb0 JavaThread "ClassGraph-worker-75" daemon [_thread_blocked, id=19708, stack(0x00000035cec00000,0x00000035ced00000)]
  0x000001509d0193c0 JavaThread "ClassGraph-worker-76" daemon [_thread_blocked, id=9020, stack(0x00000035ced00000,0x00000035cee00000)]
  0x000001509d018490 JavaThread "ClassGraph-worker-77" daemon [_thread_blocked, id=18648, stack(0x00000035cee00000,0x00000035cef00000)]
  0x000001509d0198d0 JavaThread "ClassGraph-worker-78" daemon [_thread_blocked, id=4192, stack(0x00000035cef00000,0x00000035cf000000)]
  0x000001509d016630 JavaThread "ClassGraph-worker-79" daemon [_thread_blocked, id=20832, stack(0x00000035cf000000,0x00000035cf100000)]
  0x000001509d017050 JavaThread "ClassGraph-worker-80" daemon [_thread_blocked, id=17720, stack(0x00000035cf100000,0x00000035cf200000)]
  0x000001509d016b40 JavaThread "ClassGraph-worker-81" daemon [_thread_blocked, id=17832, stack(0x00000035cf200000,0x00000035cf300000)]
  0x000001509d012970 JavaThread "ClassGraph-worker-82" daemon [_thread_blocked, id=8924, stack(0x00000035cf300000,0x00000035cf400000)]
  0x000001509d012e80 JavaThread "ClassGraph-worker-83" daemon [_thread_blocked, id=20008, stack(0x00000035cf400000,0x00000035cf500000)]
  0x000001509d0138a0 JavaThread "ClassGraph-worker-84" daemon [_thread_blocked, id=16676, stack(0x00000035cf500000,0x00000035cf600000)]
  0x000001509d017f80 JavaThread "ClassGraph-worker-85" daemon [_thread_blocked, id=20304, stack(0x00000035cf600000,0x00000035cf700000)]
  0x000001509d0189a0 JavaThread "ClassGraph-worker-86" daemon [_thread_blocked, id=19160, stack(0x00000035cf700000,0x00000035cf800000)]

Other Threads:
=>0x000001505417da20 VMThread "VM Thread" [stack: 0x00000035cae00000,0x00000035caf00000] [id=21204]
  0x00000150414f3510 WatcherThread [stack: 0x00000035cbf00000,0x00000035cc000000] [id=4560]
  0x00000150414a4990 GCTaskThread "GC Thread#0" [stack: 0x00000035ca900000,0x00000035caa00000] [id=16164]
  0x0000015054daec40 GCTaskThread "GC Thread#1" [stack: 0x00000035cc300000,0x00000035cc400000] [id=15252]
  0x0000015054dafcc0 GCTaskThread "GC Thread#2" [stack: 0x00000035cc400000,0x00000035cc500000] [id=19872]
  0x0000015054daf480 GCTaskThread "GC Thread#3" [stack: 0x00000035cc500000,0x00000035cc600000] [id=17816]
  0x0000015054db0240 GCTaskThread "GC Thread#4" [stack: 0x00000035cc600000,0x00000035cc700000] [id=20216]
  0x0000015054daf1c0 GCTaskThread "GC Thread#5" [stack: 0x00000035cc700000,0x00000035cc800000] [id=12300]
  0x0000015054db0500 GCTaskThread "GC Thread#6" [stack: 0x00000035cc800000,0x00000035cc900000] [id=14440]
  0x0000015054daef00 GCTaskThread "GC Thread#7" [stack: 0x00000035cc900000,0x00000035cca00000] [id=20264]
  0x0000015054db07c0 GCTaskThread "GC Thread#8" [stack: 0x00000035cca00000,0x00000035ccb00000] [id=13636]
  0x0000015054daff80 GCTaskThread "GC Thread#9" [stack: 0x00000035ccb00000,0x00000035ccc00000] [id=18060]
  0x000001509ac16a50 GCTaskThread "GC Thread#10" [stack: 0x00000035ccc00000,0x00000035ccd00000] [id=14840]
  0x000001509ac17810 GCTaskThread "GC Thread#11" [stack: 0x00000035ccd00000,0x00000035cce00000] [id=9076]
  0x000001509ac14690 GCTaskThread "GC Thread#12" [stack: 0x00000035cd000000,0x00000035cd100000] [id=20132]
  0x000001509ac15190 GCTaskThread "GC Thread#13" [stack: 0x00000035cd100000,0x00000035cd200000] [id=14088]
  0x000001509ac16790 GCTaskThread "GC Thread#14" [stack: 0x00000035cd200000,0x00000035cd300000] [id=14340]
  0x00000150414b4f60 ConcurrentGCThread "G1 Main Marker" [stack: 0x00000035caa00000,0x00000035cab00000] [id=20552]
  0x00000150414b6110 ConcurrentGCThread "G1 Conc#0" [stack: 0x00000035cab00000,0x00000035cac00000] [id=5868]
  0x000001509ac17d90 ConcurrentGCThread "G1 Conc#1" [stack: 0x00000035cd300000,0x00000035cd400000] [id=11600]
  0x000001509ac15710 ConcurrentGCThread "G1 Conc#2" [stack: 0x00000035cd400000,0x00000035cd500000] [id=9960]
  0x000001509ac14c10 ConcurrentGCThread "G1 Conc#3" [stack: 0x00000035cd500000,0x00000035cd600000] [id=13764]
  0x0000015054024c90 ConcurrentGCThread "G1 Refine#0" [stack: 0x00000035cac00000,0x00000035cad00000] [id=12736]
  0x00000150540256c0 ConcurrentGCThread "G1 Service" [stack: 0x00000035cad00000,0x00000035cae00000] [id=19712]

Threads with active compile tasks:

VM state: at safepoint (normal execution)

VM Mutex/Monitor currently owned by a thread:  ([mutex/lock_event])
[0x0000015041446500] Threads_lock - owner thread: 0x000001505417da20
[0x00000150414470d0] Heap_lock - owner thread: 0x000001509d0198d0

Heap address: 0x0000000084c00000, size: 1972 MB, Compressed Oops mode: 32-bit

CDS archive(s) mapped at: [0x0000015055000000-0x0000015055bd0000-0x0000015055bd0000), size 12386304, SharedBaseAddress: 0x0000015055000000, ArchiveRelocationMode: 1.
Compressed class space mapped at: 0x0000015056000000-0x0000015096000000, reserved size: 1073741824
Narrow klass base: 0x0000015055000000, Narrow klass shift: 0, Narrow klass range: 0x100000000

GC Precious Log:
 CPUs: 20 total, 20 available
 Memory: 7880M
 Large Page Support: Disabled
 NUMA Support: Disabled
 Compressed Oops: Enabled (32-bit)
 Heap Region Size: 1M
 Heap Min Capacity: 8M
 Heap Initial Capacity: 124M
 Heap Max Capacity: 1972M
 Pre-touch: Disabled
 Parallel Workers: 15
 Concurrent Workers: 4
 Concurrent Refinement Workers: 15
 Periodic GC: Disabled

Heap:
 garbage-first heap   total 103424K, used 63815K [0x0000000084c00000, 0x0000000100000000)
  region size 1024K, 4 young (4096K), 4 survivors (4096K)
 Metaspace       used 69509K, committed 70016K, reserved 1114112K
  class space    used 9998K, committed 10240K, reserved 1048576K

Heap Regions: E=young(eden), S=young(survivor), O=old, HS=humongous(starts), HC=humongous(continues), CS=collection set, F=free, OA=open archive, CA=closed archive, TAMS=top-at-mark-start (previous, next)
|   0|0x0000000084c00000, 0x0000000084d00000, 0x0000000084d00000|100%|HS|  |TAMS 0x0000000084d00000, 0x0000000084d00000| Complete 
|   1|0x0000000084d00000, 0x0000000084e00000, 0x0000000084e00000|100%|HS|  |TAMS 0x0000000084e00000, 0x0000000084e00000| Complete 
|   2|0x0000000084e00000, 0x0000000084f00000, 0x0000000084f00000|100%| O|  |TAMS 0x0000000084f00000, 0x0000000084f00000| Untracked 
|   3|0x0000000084f00000, 0x0000000085000000, 0x0000000085000000|100%| O|  |TAMS 0x0000000085000000, 0x0000000085000000| Untracked 
|   4|0x0000000085000000, 0x0000000085100000, 0x0000000085100000|100%| O|  |TAMS 0x0000000085100000, 0x0000000085100000| Untracked 
|   5|0x0000000085100000, 0x0000000085200000, 0x0000000085200000|100%| O|  |TAMS 0x0000000085200000, 0x0000000085200000| Untracked 
|   6|0x0000000085200000, 0x0000000085300000, 0x0000000085300000|100%| O|  |TAMS 0x0000000085300000, 0x0000000085300000| Untracked 
|   7|0x0000000085300000, 0x0000000085400000, 0x0000000085400000|100%| O|  |TAMS 0x0000000085400000, 0x0000000085400000| Untracked 
|   8|0x0000000085400000, 0x0000000085500000, 0x0000000085500000|100%| O|  |TAMS 0x0000000085500000, 0x0000000085500000| Untracked 
|   9|0x0000000085500000, 0x0000000085600000, 0x0000000085600000|100%| O|  |TAMS 0x0000000085600000, 0x0000000085600000| Untracked 
|  10|0x0000000085600000, 0x0000000085700000, 0x0000000085700000|100%| O|  |TAMS 0x0000000085700000, 0x0000000085700000| Untracked 
|  11|0x0000000085700000, 0x0000000085800000, 0x0000000085800000|100%| O|  |TAMS 0x0000000085800000, 0x0000000085800000| Untracked 
|  12|0x0000000085800000, 0x0000000085900000, 0x0000000085900000|100%| O|  |TAMS 0x0000000085900000, 0x0000000085900000| Untracked 
|  13|0x0000000085900000, 0x0000000085a00000, 0x0000000085a00000|100%| O|  |TAMS 0x0000000085a00000, 0x0000000085a00000| Untracked 
|  14|0x0000000085a00000, 0x0000000085b00000, 0x0000000085b00000|100%| O|  |TAMS 0x0000000085b00000, 0x0000000085b00000| Untracked 
|  15|0x0000000085b00000, 0x0000000085c00000, 0x0000000085c00000|100%| O|  |TAMS 0x0000000085c00000, 0x0000000085c00000| Untracked 
|  16|0x0000000085c00000, 0x0000000085d00000, 0x0000000085d00000|100%| O|  |TAMS 0x0000000085d00000, 0x0000000085d00000| Untracked 
|  17|0x0000000085d00000, 0x0000000085e00000, 0x0000000085e00000|100%| O|  |TAMS 0x0000000085e00000, 0x0000000085e00000| Untracked 
|  18|0x0000000085e00000, 0x0000000085f00000, 0x0000000085f00000|100%| O|  |TAMS 0x0000000085f00000, 0x0000000085f00000| Untracked 
|  19|0x0000000085f00000, 0x0000000086000000, 0x0000000086000000|100%| O|  |TAMS 0x0000000086000000, 0x0000000086000000| Untracked 
|  20|0x0000000086000000, 0x0000000086100000, 0x0000000086100000|100%| O|  |TAMS 0x0000000086100000, 0x0000000086100000| Untracked 
|  21|0x0000000086100000, 0x0000000086200000, 0x0000000086200000|100%| O|  |TAMS 0x0000000086200000, 0x0000000086200000| Untracked 
|  22|0x0000000086200000, 0x0000000086300000, 0x0000000086300000|100%| O|  |TAMS 0x0000000086300000, 0x0000000086300000| Untracked 
|  23|0x0000000086300000, 0x0000000086400000, 0x0000000086400000|100%| O|  |TAMS 0x0000000086400000, 0x0000000086400000| Untracked 
|  24|0x0000000086400000, 0x00000000864b9000, 0x0000000086500000| 72%| O|  |TAMS 0x00000000864b9000, 0x00000000864b9000| Untracked 
|  25|0x0000000086500000, 0x0000000086600000, 0x0000000086600000|100%| O|  |TAMS 0x0000000086600000, 0x0000000086600000| Untracked 
|  26|0x0000000086600000, 0x0000000086700000, 0x0000000086700000|100%| O|  |TAMS 0x00000000866aa200, 0x0000000086700000| Untracked 
|  27|0x0000000086700000, 0x0000000086800000, 0x0000000086800000|100%| O|  |TAMS 0x0000000086700000, 0x0000000086800000| Untracked 
|  28|0x0000000086800000, 0x0000000086900000, 0x0000000086900000|100%| O|  |TAMS 0x0000000086800000, 0x0000000086900000| Untracked 
|  29|0x0000000086900000, 0x0000000086a00000, 0x0000000086a00000|100%| O|  |TAMS 0x0000000086900000, 0x0000000086900000| Untracked 
|  30|0x0000000086a00000, 0x0000000086b00000, 0x0000000086b00000|100%| O|  |TAMS 0x0000000086a00000, 0x0000000086b00000| Untracked 
|  31|0x0000000086b00000, 0x0000000086c00000, 0x0000000086c00000|100%| O|  |TAMS 0x0000000086b00000, 0x0000000086c00000| Untracked 
|  32|0x0000000086c00000, 0x0000000086d00000, 0x0000000086d00000|100%| O|  |TAMS 0x0000000086c00000, 0x0000000086d00000| Untracked 
|  33|0x0000000086d00000, 0x0000000086e00000, 0x0000000086e00000|100%| O|  |TAMS 0x0000000086d00000, 0x0000000086e00000| Untracked 
|  34|0x0000000086e00000, 0x0000000086f00000, 0x0000000086f00000|100%| O|  |TAMS 0x0000000086e00000, 0x0000000086f00000| Untracked 
|  35|0x0000000086f00000, 0x0000000087000000, 0x0000000087000000|100%| O|  |TAMS 0x0000000086f00000, 0x0000000087000000| Untracked 
|  36|0x0000000087000000, 0x0000000087100000, 0x0000000087100000|100%| O|  |TAMS 0x0000000087000000, 0x0000000087100000| Untracked 
|  37|0x0000000087100000, 0x0000000087200000, 0x0000000087200000|100%| O|  |TAMS 0x0000000087100000, 0x0000000087200000| Untracked 
|  38|0x0000000087200000, 0x0000000087300000, 0x0000000087300000|100%| O|  |TAMS 0x0000000087200000, 0x0000000087300000| Untracked 
|  39|0x0000000087300000, 0x0000000087400000, 0x0000000087400000|100%| O|  |TAMS 0x0000000087300000, 0x0000000087400000| Untracked 
|  40|0x0000000087400000, 0x0000000087500000, 0x0000000087500000|100%| O|  |TAMS 0x0000000087400000, 0x0000000087500000| Untracked 
|  41|0x0000000087500000, 0x0000000087600000, 0x0000000087600000|100%| O|  |TAMS 0x0000000087500000, 0x0000000087600000| Untracked 
|  42|0x0000000087600000, 0x0000000087700000, 0x0000000087700000|100%| O|  |TAMS 0x0000000087600000, 0x0000000087600000| Untracked 
|  43|0x0000000087700000, 0x0000000087800000, 0x0000000087800000|100%| O|  |TAMS 0x0000000087700000, 0x0000000087700000| Untracked 
|  44|0x0000000087800000, 0x0000000087900000, 0x0000000087900000|100%| O|  |TAMS 0x0000000087800000, 0x0000000087900000| Untracked 
|  45|0x0000000087900000, 0x0000000087a00000, 0x0000000087a00000|100%| O|  |TAMS 0x0000000087900000, 0x0000000087a00000| Untracked 
|  46|0x0000000087a00000, 0x0000000087b00000, 0x0000000087b00000|100%| O|  |TAMS 0x0000000087a00000, 0x0000000087b00000| Untracked 
|  47|0x0000000087b00000, 0x0000000087c00000, 0x0000000087c00000|100%| O|  |TAMS 0x0000000087b00000, 0x0000000087c00000| Untracked 
|  48|0x0000000087c00000, 0x0000000087d00000, 0x0000000087d00000|100%| O|  |TAMS 0x0000000087c00000, 0x0000000087d00000| Untracked 
|  49|0x0000000087d00000, 0x0000000087e00000, 0x0000000087e00000|100%| O|  |TAMS 0x0000000087d00000, 0x0000000087d00000| Untracked 
|  50|0x0000000087e00000, 0x0000000087f00000, 0x0000000087f00000|100%| O|  |TAMS 0x0000000087e00000, 0x0000000087e00000| Untracked 
|  51|0x0000000087f00000, 0x0000000087f00000, 0x0000000088000000|  0%| F|  |TAMS 0x0000000087f00000, 0x0000000087f00000| Untracked 
|  52|0x0000000088000000, 0x0000000088000000, 0x0000000088100000|  0%| F|  |TAMS 0x0000000088000000, 0x0000000088000000| Untracked 
|  53|0x0000000088100000, 0x0000000088200000, 0x0000000088200000|100%| O|  |TAMS 0x0000000088100000, 0x0000000088100000| Untracked 
|  54|0x0000000088200000, 0x0000000088300000, 0x0000000088300000|100%| O|  |TAMS 0x0000000088200000, 0x0000000088300000| Untracked 
|  55|0x0000000088300000, 0x0000000088400000, 0x0000000088400000|100%| O|  |TAMS 0x0000000088300000, 0x0000000088400000| Untracked 
|  56|0x0000000088400000, 0x0000000088500000, 0x0000000088500000|100%| O|  |TAMS 0x0000000088400000, 0x0000000088450a00| Untracked 
|  57|0x0000000088500000, 0x0000000088600000, 0x0000000088600000|100%| O|  |TAMS 0x0000000088500000, 0x0000000088500000| Untracked 
|  58|0x0000000088600000, 0x0000000088700000, 0x0000000088700000|100%| O|  |TAMS 0x0000000088600000, 0x0000000088600000| Untracked 
|  59|0x0000000088700000, 0x0000000088800000, 0x0000000088800000|100%| O|  |TAMS 0x0000000088700000, 0x0000000088700000| Untracked 
|  60|0x0000000088800000, 0x0000000088898e00, 0x0000000088900000| 59%| O|  |TAMS 0x0000000088800000, 0x0000000088800000| Untracked 
|  61|0x0000000088900000, 0x0000000088900000, 0x0000000088a00000|  0%| F|  |TAMS 0x0000000088900000, 0x0000000088900000| Untracked 
|  62|0x0000000088a00000, 0x0000000088a00000, 0x0000000088b00000|  0%| F|  |TAMS 0x0000000088a00000, 0x0000000088a00000| Untracked 
|  63|0x0000000088b00000, 0x0000000088b00000, 0x0000000088c00000|  0%| F|  |TAMS 0x0000000088b00000, 0x0000000088b00000| Untracked 
|  64|0x0000000088c00000, 0x0000000088c00000, 0x0000000088d00000|  0%| F|  |TAMS 0x0000000088c00000, 0x0000000088c00000| Untracked 
|  65|0x0000000088d00000, 0x0000000088d00000, 0x0000000088e00000|  0%| F|  |TAMS 0x0000000088d00000, 0x0000000088d00000| Untracked 
|  66|0x0000000088e00000, 0x0000000088e00000, 0x0000000088f00000|  0%| F|  |TAMS 0x0000000088e00000, 0x0000000088e00000| Untracked 
|  67|0x0000000088f00000, 0x0000000088f00000, 0x0000000089000000|  0%| F|  |TAMS 0x0000000088f00000, 0x0000000088f00000| Untracked 
|  68|0x0000000089000000, 0x0000000089000000, 0x0000000089100000|  0%| F|  |TAMS 0x0000000089000000, 0x0000000089000000| Untracked 
|  69|0x0000000089100000, 0x0000000089100000, 0x0000000089200000|  0%| F|  |TAMS 0x0000000089100000, 0x0000000089100000| Untracked 
|  70|0x0000000089200000, 0x0000000089200000, 0x0000000089300000|  0%| F|  |TAMS 0x0000000089200000, 0x0000000089200000| Untracked 
|  71|0x0000000089300000, 0x0000000089300000, 0x0000000089400000|  0%| F|  |TAMS 0x0000000089300000, 0x0000000089300000| Untracked 
|  72|0x0000000089400000, 0x0000000089500000, 0x0000000089500000|100%| S|CS|TAMS 0x0000000089400000, 0x0000000089400000| Complete 
|  73|0x0000000089500000, 0x0000000089600000, 0x0000000089600000|100%| S|CS|TAMS 0x0000000089500000, 0x0000000089500000| Complete 
|  74|0x0000000089600000, 0x0000000089700000, 0x0000000089700000|100%| S|CS|TAMS 0x0000000089600000, 0x0000000089600000| Complete 
|  75|0x0000000089700000, 0x0000000089800000, 0x0000000089800000|100%| S|CS|TAMS 0x0000000089700000, 0x0000000089700000| Complete 
|  76|0x0000000089800000, 0x0000000089800000, 0x0000000089900000|  0%| F|  |TAMS 0x0000000089800000, 0x0000000089800000| Untracked 
|  77|0x0000000089900000, 0x0000000089900000, 0x0000000089a00000|  0%| F|  |TAMS 0x0000000089900000, 0x0000000089900000| Untracked 
|  78|0x0000000089a00000, 0x0000000089a00000, 0x0000000089b00000|  0%| F|  |TAMS 0x0000000089a00000, 0x0000000089a00000| Untracked 
|  79|0x0000000089b00000, 0x0000000089b00000, 0x0000000089c00000|  0%| F|  |TAMS 0x0000000089b00000, 0x0000000089b00000| Untracked 
|  80|0x0000000089c00000, 0x0000000089c00000, 0x0000000089d00000|  0%| F|  |TAMS 0x0000000089c00000, 0x0000000089c00000| Untracked 
|  81|0x0000000089d00000, 0x0000000089d00000, 0x0000000089e00000|  0%| F|  |TAMS 0x0000000089d00000, 0x0000000089d00000| Untracked 
|  82|0x0000000089e00000, 0x0000000089e00000, 0x0000000089f00000|  0%| F|  |TAMS 0x0000000089e00000, 0x0000000089e00000| Untracked 
|  83|0x0000000089f00000, 0x0000000089f00000, 0x000000008a000000|  0%| F|  |TAMS 0x0000000089f00000, 0x0000000089f00000| Untracked 
|  84|0x000000008a000000, 0x000000008a000000, 0x000000008a100000|  0%| F|  |TAMS 0x000000008a000000, 0x000000008a000000| Untracked 
|  85|0x000000008a100000, 0x000000008a100000, 0x000000008a200000|  0%| F|  |TAMS 0x000000008a100000, 0x000000008a100000| Untracked 
|  86|0x000000008a200000, 0x000000008a200000, 0x000000008a300000|  0%| F|  |TAMS 0x000000008a200000, 0x000000008a200000| Untracked 
|  87|0x000000008a300000, 0x000000008a300000, 0x000000008a400000|  0%| F|  |TAMS 0x000000008a300000, 0x000000008a300000| Untracked 
|  88|0x000000008a400000, 0x000000008a400000, 0x000000008a500000|  0%| F|  |TAMS 0x000000008a400000, 0x000000008a400000| Untracked 
|  89|0x000000008a500000, 0x000000008a500000, 0x000000008a600000|  0%| F|  |TAMS 0x000000008a500000, 0x000000008a500000| Untracked 
|  90|0x000000008a600000, 0x000000008a600000, 0x000000008a700000|  0%| F|  |TAMS 0x000000008a600000, 0x000000008a600000| Untracked 
|  91|0x000000008a700000, 0x000000008a700000, 0x000000008a800000|  0%| F|  |TAMS 0x000000008a700000, 0x000000008a700000| Untracked 
|  92|0x000000008a800000, 0x000000008a800000, 0x000000008a900000|  0%| F|  |TAMS 0x000000008a800000, 0x000000008a800000| Untracked 
|  93|0x000000008a900000, 0x000000008a900000, 0x000000008aa00000|  0%| F|  |TAMS 0x000000008a900000, 0x000000008a900000| Untracked 
|  94|0x000000008aa00000, 0x000000008aa00000, 0x000000008ab00000|  0%| F|  |TAMS 0x000000008aa00000, 0x000000008aa00000| Untracked 
|  95|0x000000008ab00000, 0x000000008ab00000, 0x000000008ac00000|  0%| F|  |TAMS 0x000000008ab00000, 0x000000008ab00000| Untracked 
|  96|0x000000008ac00000, 0x000000008ac00000, 0x000000008ad00000|  0%| F|  |TAMS 0x000000008ac00000, 0x000000008ac00000| Untracked 
|  97|0x000000008ad00000, 0x000000008ad00000, 0x000000008ae00000|  0%| F|  |TAMS 0x000000008ad00000, 0x000000008ad00000| Untracked 
|  98|0x000000008ae00000, 0x000000008ae00000, 0x000000008af00000|  0%| F|  |TAMS 0x000000008ae00000, 0x000000008ae00000| Untracked 
|  99|0x000000008af00000, 0x000000008af00000, 0x000000008b000000|  0%| F|  |TAMS 0x000000008af00000, 0x000000008af00000| Untracked 
| 123|0x000000008c700000, 0x000000008c700000, 0x000000008c800000|  0%| F|  |TAMS 0x000000008c700000, 0x000000008c700000| Untracked 

Card table byte_map: [0x000001504c960000,0x000001504cd40000] _byte_map_base: 0x000001504c53a000

Marking Bits (Prev, Next): (CMBitMap*) 0x00000150414a4ff0, (CMBitMap*) 0x00000150414a4fb0
 Prev Bits: [0x000001504eff0000, 0x0000015050ec0000)
 Next Bits: [0x000001504d120000, 0x000001504eff0000)

Polling page: 0x000001503f300000

Metaspace:

Usage:
  Non-class:     58.12 MB used.
      Class:      9.76 MB used.
       Both:     67.88 MB used.

Virtual space:
  Non-class space:       64.00 MB reserved,      58.38 MB ( 91%) committed,  1 nodes.
      Class space:        1.00 GB reserved,      10.00 MB ( <1%) committed,  1 nodes.
             Both:        1.06 GB reserved,      68.38 MB (  6%) committed. 

Chunk freelists:
   Non-Class:  4.94 MB
       Class:  6.02 MB
        Both:  10.95 MB

MaxMetaspaceSize: unlimited
CompressedClassSpaceSize: 1.00 GB
Initial GC threshold: 21.00 MB
Current GC threshold: 98.06 MB
CDS: on
MetaspaceReclaimPolicy: balanced
 - commit_granule_bytes: 65536.
 - commit_granule_words: 8192.
 - virtual_space_node_default_size: 8388608.
 - enlarge_chunks_in_place: 1.
 - new_chunks_are_fully_committed: 0.
 - uncommit_free_chunks: 1.
 - use_allocation_guard: 0.
 - handle_deallocations: 1.


Internal statistics:

num_allocs_failed_limit: 9.
num_arena_births: 834.
num_arena_deaths: 0.
num_vsnodes_births: 2.
num_vsnodes_deaths: 0.
num_space_committed: 1094.
num_space_uncommitted: 0.
num_chunks_returned_to_freelist: 9.
num_chunks_taken_from_freelist: 3290.
num_chunk_merges: 9.
num_chunk_splits: 2393.
num_chunks_enlarged: 1867.
num_inconsistent_stats: 0.

CodeCache: size=49152Kb used=12956Kb max_used=12956Kb free=36195Kb
 bounds [0x0000015048ce0000, 0x0000015049990000, 0x000001504bce0000]
 total_blobs=6814 nmethods=6122 adapters=616
 compilation: enabled
              stopped_count=0, restarted_count=0
 full_count=0

Compilation events (20 events):
Event: 6.062 Thread 0x000001509b4261b0 6114       1       nonapi.io.github.classgraph.utils.CollectionUtils::sortCopy (25 bytes)
Event: 6.062 Thread 0x000001505419a8f0 6116       1       java.util.concurrent.ConcurrentLinkedQueue::toArray (6 bytes)
Event: 6.062 Thread 0x000001509aae3020 6115       1       io.github.classgraph.Scanner::findClasspathOrderRec (74 bytes)
Event: 6.062 Thread 0x000001505447fb80 6117       1       java.util.concurrent.ConcurrentLinkedQueue::toArrayInternal (141 bytes)
Event: 6.062 Thread 0x000001505419a8f0 nmethod 6116 0x0000015049983610 code [0x00000150499837a0, 0x0000015049983888]
Event: 6.062 Thread 0x000001505419a8f0 6118       1       java.util.concurrent.ConcurrentLinkedQueue::first (65 bytes)
Event: 6.062 Thread 0x000001509b4261b0 nmethod 6114 0x0000015049983910 code [0x0000015049983ac0, 0x0000015049983c18]
Event: 6.062 Thread 0x000001509b4261b0 6119       1       io.github.classgraph.ClasspathElementZip::toString (5 bytes)
Event: 6.062 Thread 0x000001509b4261b0 nmethod 6119 0x0000015049983d10 code [0x0000015049983ea0, 0x0000015049983f88]
Event: 6.062 Thread 0x000001509b4261b0 6120       1       java.util.concurrent.ThreadPoolExecutor$Worker::tryAcquire (20 bytes)
Event: 6.062 Thread 0x000001509b4261b0 nmethod 6120 0x0000015049984010 code [0x00000150499841a0, 0x0000015049984318]
Event: 6.062 Thread 0x000001509b4261b0 6121       1       java.util.concurrent.locks.AbstractQueuedSynchronizer$Node::getAndUnsetStatus (14 bytes)
Event: 6.062 Thread 0x000001509b4261b0 nmethod 6121 0x0000015049984390 code [0x0000015049984520, 0x0000015049984638]
Event: 6.062 Thread 0x000001509aae3020 nmethod 6115 0x0000015049984710 code [0x0000015049984900, 0x0000015049984c98]
Event: 6.062 Thread 0x000001509aae3020 6085       1       nonapi.io.github.classgraph.fastzipfilereader.NestedJarHandler::openInflaterInputStream (10 bytes)
Event: 6.062 Thread 0x000001509b4261b0 6122       1       jdk.internal.misc.Unsafe::getAndBitwiseAndInt (27 bytes)
Event: 6.062 Thread 0x000001505447fb80 nmethod 6117 0x0000015049984f10 code [0x0000015049985100, 0x0000015049985838]
Event: 6.062 Thread 0x000001509b4261b0 nmethod 6122 0x0000015049985b10 code [0x0000015049985ca0, 0x0000015049985db8]
Event: 6.062 Thread 0x000001509aae3020 nmethod 6085 0x0000015049985e90 code [0x0000015049986020, 0x0000015049986188]
Event: 6.062 Thread 0x000001505419a8f0 nmethod 6118 0x0000015049986210 code [0x0000015049986460, 0x0000015049986d08]

GC Heap History (20 events):
Event: 3.867 GC heap after
{Heap after GC invocations=8 (full 0):
 garbage-first heap   total 116736K, used 18940K [0x0000000084c00000, 0x0000000100000000)
  region size 1024K, 2 young (2048K), 2 survivors (2048K)
 Metaspace       used 27020K, committed 27392K, reserved 1114112K
  class space    used 3699K, committed 3840K, reserved 1048576K
}
Event: 4.362 GC heap before
{Heap before GC invocations=8 (full 0):
 garbage-first heap   total 116736K, used 78332K [0x0000000084c00000, 0x0000000100000000)
  region size 1024K, 60 young (61440K), 2 survivors (2048K)
 Metaspace       used 35512K, committed 35968K, reserved 1114112K
  class space    used 5045K, committed 5312K, reserved 1048576K
}
Event: 4.369 GC heap after
{Heap after GC invocations=9 (full 0):
 garbage-first heap   total 116736K, used 23592K [0x0000000084c00000, 0x0000000100000000)
  region size 1024K, 7 young (7168K), 7 survivors (7168K)
 Metaspace       used 35512K, committed 35968K, reserved 1114112K
  class space    used 5045K, committed 5312K, reserved 1048576K
}
Event: 4.933 GC heap before
{Heap before GC invocations=10 (full 0):
 garbage-first heap   total 86016K, used 67624K [0x0000000084c00000, 0x0000000100000000)
  region size 1024K, 50 young (51200K), 7 survivors (7168K)
 Metaspace       used 49023K, committed 49600K, reserved 1114112K
  class space    used 6874K, committed 7168K, reserved 1048576K
}
Event: 4.937 GC heap after
{Heap after GC invocations=11 (full 0):
 garbage-first heap   total 86016K, used 27053K [0x0000000084c00000, 0x0000000100000000)
  region size 1024K, 4 young (4096K), 4 survivors (4096K)
 Metaspace       used 49023K, committed 49600K, reserved 1114112K
  class space    used 6874K, committed 7168K, reserved 1048576K
}
Event: 5.263 GC heap before
{Heap before GC invocations=11 (full 0):
 garbage-first heap   total 86016K, used 63917K [0x0000000084c00000, 0x0000000100000000)
  region size 1024K, 41 young (41984K), 4 survivors (4096K)
 Metaspace       used 58401K, committed 58944K, reserved 1114112K
  class space    used 8363K, committed 8640K, reserved 1048576K
}
Event: 5.266 GC heap after
{Heap after GC invocations=12 (full 0):
 garbage-first heap   total 86016K, used 29255K [0x0000000084c00000, 0x0000000100000000)
  region size 1024K, 3 young (3072K), 3 survivors (3072K)
 Metaspace       used 58401K, committed 58944K, reserved 1114112K
  class space    used 8363K, committed 8640K, reserved 1048576K
}
Event: 5.319 GC heap before
{Heap before GC invocations=12 (full 0):
 garbage-first heap   total 86016K, used 35399K [0x0000000084c00000, 0x0000000100000000)
  region size 1024K, 10 young (10240K), 3 survivors (3072K)
 Metaspace       used 59570K, committed 60096K, reserved 1114112K
  class space    used 8562K, committed 8832K, reserved 1048576K
}
Event: 5.321 GC heap after
{Heap after GC invocations=13 (full 0):
 garbage-first heap   total 86016K, used 29322K [0x0000000084c00000, 0x0000000100000000)
  region size 1024K, 3 young (3072K), 3 survivors (3072K)
 Metaspace       used 59570K, committed 60096K, reserved 1114112K
  class space    used 8562K, committed 8832K, reserved 1048576K
}
Event: 5.680 GC heap before
{Heap before GC invocations=14 (full 0):
 garbage-first heap   total 86016K, used 67210K [0x0000000084c00000, 0x0000000100000000)
  region size 1024K, 40 young (40960K), 3 survivors (3072K)
 Metaspace       used 65614K, committed 66176K, reserved 1114112K
  class space    used 9484K, committed 9728K, reserved 1048576K
}
Event: 5.685 GC heap after
{Heap after GC invocations=15 (full 0):
 garbage-first heap   total 86016K, used 31798K [0x0000000084c00000, 0x0000000100000000)
  region size 1024K, 5 young (5120K), 5 survivors (5120K)
 Metaspace       used 65614K, committed 66176K, reserved 1114112K
  class space    used 9484K, committed 9728K, reserved 1048576K
}
Event: 5.932 GC heap before
{Heap before GC invocations=15 (full 0):
 garbage-first heap   total 86016K, used 67638K [0x0000000084c00000, 0x0000000100000000)
  region size 1024K, 40 young (40960K), 5 survivors (5120K)
 Metaspace       used 69261K, committed 69824K, reserved 1114112K
  class space    used 9969K, committed 10240K, reserved 1048576K
}
Event: 5.936 GC heap after
{Heap after GC invocations=16 (full 0):
 garbage-first heap   total 103424K, used 34330K [0x0000000084c00000, 0x0000000100000000)
  region size 1024K, 5 young (5120K), 5 survivors (5120K)
 Metaspace       used 69261K, committed 69824K, reserved 1114112K
  class space    used 9969K, committed 10240K, reserved 1048576K
}
Event: 5.983 GC heap before
{Heap before GC invocations=16 (full 0):
 garbage-first heap   total 103424K, used 84506K [0x0000000084c00000, 0x0000000100000000)
  region size 1024K, 52 young (53248K), 5 survivors (5120K)
 Metaspace       used 69429K, committed 69952K, reserved 1114112K
  class space    used 9986K, committed 10240K, reserved 1048576K
}
Event: 5.989 GC heap after
{Heap after GC invocations=17 (full 0):
 garbage-first heap   total 103424K, used 44772K [0x0000000084c00000, 0x0000000100000000)
  region size 1024K, 7 young (7168K), 7 survivors (7168K)
 Metaspace       used 69429K, committed 69952K, reserved 1114112K
  class space    used 9986K, committed 10240K, reserved 1048576K
}
Event: 6.029 GC heap before
{Heap before GC invocations=17 (full 0):
 garbage-first heap   total 103424K, used 78564K [0x0000000084c00000, 0x0000000100000000)
  region size 1024K, 40 young (40960K), 7 survivors (7168K)
 Metaspace       used 69509K, committed 70016K, reserved 1114112K
  class space    used 9998K, committed 10240K, reserved 1048576K
}
Event: 6.036 GC heap after
{Heap after GC invocations=18 (full 0):
 garbage-first heap   total 103424K, used 54310K [0x0000000084c00000, 0x0000000100000000)
  region size 1024K, 5 young (5120K), 5 survivors (5120K)
 Metaspace       used 69509K, committed 70016K, reserved 1114112K
  class space    used 9998K, committed 10240K, reserved 1048576K
}
Event: 6.045 GC heap before
{Heap before GC invocations=18 (full 0):
 garbage-first heap   total 103424K, used 61478K [0x0000000084c00000, 0x0000000100000000)
  region size 1024K, 13 young (13312K), 5 survivors (5120K)
 Metaspace       used 69509K, committed 70016K, reserved 1114112K
  class space    used 9998K, committed 10240K, reserved 1048576K
}
Event: 6.048 GC heap after
{Heap after GC invocations=19 (full 0):
 garbage-first heap   total 103424K, used 57171K [0x0000000084c00000, 0x0000000100000000)
  region size 1024K, 3 young (3072K), 3 survivors (3072K)
 Metaspace       used 69509K, committed 70016K, reserved 1114112K
  class space    used 9998K, committed 10240K, reserved 1048576K
}
Event: 6.065 GC heap before
{Heap before GC invocations=19 (full 0):
 garbage-first heap   total 103424K, used 80723K [0x0000000084c00000, 0x0000000100000000)
  region size 1024K, 25 young (25600K), 3 survivors (3072K)
 Metaspace       used 69509K, committed 70016K, reserved 1114112K
  class space    used 9998K, committed 10240K, reserved 1048576K
}

Deoptimization events (4 events):
Event: 5.583 Thread 0x0000015041449e70 DEOPT PACKING pc=0x0000015048fcbba4 sp=0x00000035ca8fc530
Event: 5.583 Thread 0x0000015041449e70 DEOPT UNPACKING pc=0x0000015048d32b43 sp=0x00000035ca8fba88 mode 0
Event: 5.696 Thread 0x0000015041449e70 DEOPT PACKING pc=0x000001504933e2aa sp=0x00000035ca8fdd40
Event: 5.696 Thread 0x0000015041449e70 DEOPT UNPACKING pc=0x0000015048d32b43 sp=0x00000035ca8fd248 mode 3

Classes unloaded (0 events):
No events

Classes redefined (0 events):
No events

Internal exceptions (20 events):
Event: 6.014 Thread 0x000001509a5fb900 Exception <a 'sun/nio/fs/WindowsException'{0x000000008a58e188}> (0x000000008a58e188) 
thrown [s\open\src\hotspot\share\prims\jni.cpp, line 516]
Event: 6.014 Thread 0x000001509a5fb900 Exception <a 'sun/nio/fs/WindowsException'{0x000000008a58e440}> (0x000000008a58e440) 
thrown [s\open\src\hotspot\share\prims\jni.cpp, line 516]
Event: 6.014 Thread 0x000001509a5fb900 Exception <a 'sun/nio/fs/WindowsException'{0x000000008a58ed70}> (0x000000008a58ed70) 
thrown [s\open\src\hotspot\share\prims\jni.cpp, line 516]
Event: 6.014 Thread 0x000001509a5fb900 Exception <a 'sun/nio/fs/WindowsException'{0x000000008a58f060}> (0x000000008a58f060) 
thrown [s\open\src\hotspot\share\prims\jni.cpp, line 516]
Event: 6.014 Thread 0x000001509a5fb900 Exception <a 'sun/nio/fs/WindowsException'{0x000000008a58f968}> (0x000000008a58f968) 
thrown [s\open\src\hotspot\share\prims\jni.cpp, line 516]
Event: 6.014 Thread 0x000001509a5fb900 Exception <a 'sun/nio/fs/WindowsException'{0x000000008a58fc28}> (0x000000008a58fc28) 
thrown [s\open\src\hotspot\share\prims\jni.cpp, line 516]
Event: 6.014 Thread 0x000001509a5fb900 Exception <a 'sun/nio/fs/WindowsException'{0x000000008a5904f8}> (0x000000008a5904f8) 
thrown [s\open\src\hotspot\share\prims\jni.cpp, line 516]
Event: 6.014 Thread 0x000001509a5fb900 Exception <a 'sun/nio/fs/WindowsException'{0x000000008a590780}> (0x000000008a590780) 
thrown [s\open\src\hotspot\share\prims\jni.cpp, line 516]
Event: 6.014 Thread 0x000001509a5fb900 Exception <a 'sun/nio/fs/WindowsException'{0x000000008a591060}> (0x000000008a591060) 
thrown [s\open\src\hotspot\share\prims\jni.cpp, line 516]
Event: 6.014 Thread 0x000001509a5fb900 Exception <a 'sun/nio/fs/WindowsException'{0x000000008a591300}> (0x000000008a591300) 
thrown [s\open\src\hotspot\share\prims\jni.cpp, line 516]
Event: 6.014 Thread 0x000001509a5fb900 Exception <a 'sun/nio/fs/WindowsException'{0x000000008a591be0}> (0x000000008a591be0) 
thrown [s\open\src\hotspot\share\prims\jni.cpp, line 516]
Event: 6.014 Thread 0x000001509a5fb900 Exception <a 'sun/nio/fs/WindowsException'{0x000000008a591e70}> (0x000000008a591e70) 
thrown [s\open\src\hotspot\share\prims\jni.cpp, line 516]
Event: 6.014 Thread 0x000001509a5fb900 Exception <a 'sun/nio/fs/WindowsException'{0x000000008a592750}> (0x000000008a592750) 
thrown [s\open\src\hotspot\share\prims\jni.cpp, line 516]
Event: 6.014 Thread 0x000001509a5fb900 Exception <a 'sun/nio/fs/WindowsException'{0x000000008a5929f0}> (0x000000008a5929f0) 
thrown [s\open\src\hotspot\share\prims\jni.cpp, line 516]
Event: 6.014 Thread 0x000001509a5fb900 Exception <a 'sun/nio/fs/WindowsException'{0x000000008a5932f8}> (0x000000008a5932f8) 
thrown [s\open\src\hotspot\share\prims\jni.cpp, line 516]
Event: 6.014 Thread 0x000001509a5fb900 Exception <a 'sun/nio/fs/WindowsException'{0x000000008a5935b8}> (0x000000008a5935b8) 
thrown [s\open\src\hotspot\share\prims\jni.cpp, line 516]
Event: 6.015 Thread 0x000001509a5fb900 Exception <a 'sun/nio/fs/WindowsException'{0x000000008a593ed0}> (0x000000008a593ed0) 
thrown [s\open\src\hotspot\share\prims\jni.cpp, line 516]
Event: 6.015 Thread 0x000001509a5fb900 Exception <a 'sun/nio/fs/WindowsException'{0x000000008a486330}> (0x000000008a486330) 
thrown [s\open\src\hotspot\share\prims\jni.cpp, line 516]
Event: 6.015 Thread 0x000001509a5fb900 Exception <a 'sun/nio/fs/WindowsException'{0x000000008a486c38}> (0x000000008a486c38) 
thrown [s\open\src\hotspot\share\prims\jni.cpp, line 516]
Event: 6.015 Thread 0x000001509a5fb900 Exception <a 'sun/nio/fs/WindowsException'{0x000000008a486f08}> (0x000000008a486f08) 
thrown [s\open\src\hotspot\share\prims\jni.cpp, line 516]

VM Operations (20 events):
Event: 5.843 Executing VM operation: HandshakeAllThreads done
Event: 5.876 Executing VM operation: HandshakeAllThreads
Event: 5.876 Executing VM operation: HandshakeAllThreads done
Event: 5.877 Executing VM operation: HandshakeAllThreads
Event: 5.877 Executing VM operation: HandshakeAllThreads done
Event: 5.932 Executing VM operation: G1CollectForAllocation
Event: 5.936 Executing VM operation: G1CollectForAllocation done
Event: 5.982 Executing VM operation: G1CollectForAllocation
Event: 5.990 Executing VM operation: G1CollectForAllocation done
Event: 5.999 Executing VM operation: HandshakeAllThreads
Event: 5.999 Executing VM operation: HandshakeAllThreads done
Event: 5.999 Executing VM operation: HandshakeAllThreads
Event: 5.999 Executing VM operation: HandshakeAllThreads done
Event: 6.029 Executing VM operation: G1CollectForAllocation
Event: 6.037 Executing VM operation: G1CollectForAllocation done
Event: 6.045 Executing VM operation: G1TryInitiateConcMark
Event: 6.045 Executing VM operation: G1TryInitiateConcMark done
Event: 6.045 Executing VM operation: G1TryInitiateConcMark
Event: 6.048 Executing VM operation: G1TryInitiateConcMark done
Event: 6.065 Executing VM operation: G1CollectForAllocation

Events (20 events):
Event: 6.013 Thread 0x000001509a5f8660 Thread added: 0x000001509a5f8660
Event: 6.013 Thread 0x000001509a5f6d10 Thread added: 0x000001509a5f6d10
Event: 6.013 Thread 0x000001509d017560 Thread added: 0x000001509d017560
Event: 6.013 Thread 0x000001509d011f50 Thread added: 0x000001509d011f50
Event: 6.013 Thread 0x000001509d017a70 Thread added: 0x000001509d017a70
Event: 6.013 Thread 0x000001509d013390 Thread added: 0x000001509d013390
Event: 6.014 Thread 0x000001509d015c10 Thread added: 0x000001509d015c10
Event: 6.014 Thread 0x000001509d012460 Thread added: 0x000001509d012460
Event: 6.014 Thread 0x000001509d018eb0 Thread added: 0x000001509d018eb0
Event: 6.014 Thread 0x000001509d0193c0 Thread added: 0x000001509d0193c0
Event: 6.014 Thread 0x000001509d018490 Thread added: 0x000001509d018490
Event: 6.014 Thread 0x000001509d0198d0 Thread added: 0x000001509d0198d0
Event: 6.014 Thread 0x000001509d016630 Thread added: 0x000001509d016630
Event: 6.014 Thread 0x000001509d017050 Thread added: 0x000001509d017050
Event: 6.014 Thread 0x000001509d016b40 Thread added: 0x000001509d016b40
Event: 6.014 Thread 0x000001509d012970 Thread added: 0x000001509d012970
Event: 6.014 Thread 0x000001509d012e80 Thread added: 0x000001509d012e80
Event: 6.014 Thread 0x000001509d0138a0 Thread added: 0x000001509d0138a0
Event: 6.014 Thread 0x000001509d017f80 Thread added: 0x000001509d017f80
Event: 6.014 Thread 0x000001509d0189a0 Thread added: 0x000001509d0189a0


Dynamic libraries:
0x00007ff692f30000 - 0x00007ff692f40000 	C:\Program Files\Java\jdk-17\bin\java.exe
0x00007ffb4d470000 - 0x00007ffb4d687000 	C:\WINDOWS\SYSTEM32\ntdll.dll
0x00007ffb4c810000 - 0x00007ffb4c8d4000 	C:\WINDOWS\System32\KERNEL32.DLL
0x00007ffb4aa40000 - 0x00007ffb4adf7000 	C:\WINDOWS\System32\KERNELBASE.dll
0x00007ffb4af30000 - 0x00007ffb4b041000 	C:\WINDOWS\System32\ucrtbase.dll
0x00007ffb3ad10000 - 0x00007ffb3ad29000 	C:\Program Files\Java\jdk-17\bin\jli.dll
0x00007ffb351b0000 - 0x00007ffb351cb000 	C:\Program Files\Java\jdk-17\bin\VCRUNTIME140.dll
0x00007ffb4c620000 - 0x00007ffb4c6d2000 	C:\WINDOWS\System32\ADVAPI32.dll
0x00007ffb4d2a0000 - 0x00007ffb4d347000 	C:\WINDOWS\System32\msvcrt.dll
0x00007ffb4c760000 - 0x00007ffb4c808000 	C:\WINDOWS\System32\sechost.dll
0x00007ffb4a8a0000 - 0x00007ffb4a8c8000 	C:\WINDOWS\System32\bcrypt.dll
0x00007ffb4cfd0000 - 0x00007ffb4d0e4000 	C:\WINDOWS\System32\RPCRT4.dll
0x00007ffb4d0f0000 - 0x00007ffb4d29f000 	C:\WINDOWS\System32\USER32.dll
0x00007ffb4b170000 - 0x00007ffb4b196000 	C:\WINDOWS\System32\win32u.dll
0x00007ffb145d0000 - 0x00007ffb14863000 	C:\WINDOWS\WinSxS\amd64_microsoft.windows.common-controls_6595b64144ccf1df_6.0.22621.3672_none_2713b9d173822955\COMCTL32.dll
0x00007ffb4ce20000 - 0x00007ffb4ce49000 	C:\WINDOWS\System32\GDI32.dll
0x00007ffb4b050000 - 0x00007ffb4b168000 	C:\WINDOWS\System32\gdi32full.dll
0x00007ffb4a800000 - 0x00007ffb4a89a000 	C:\WINDOWS\System32\msvcp_win.dll
0x00007ffb407c0000 - 0x00007ffb407ca000 	C:\WINDOWS\SYSTEM32\VERSION.dll
0x00007ffb4cf90000 - 0x00007ffb4cfc1000 	C:\WINDOWS\System32\IMM32.DLL
0x00007ffb3ce10000 - 0x00007ffb3ce1c000 	C:\Program Files\Java\jdk-17\bin\vcruntime140_1.dll
0x00007ffb0d8d0000 - 0x00007ffb0d95e000 	C:\Program Files\Java\jdk-17\bin\msvcp140.dll
0x00007ffad6250000 - 0x00007ffad6e2f000 	C:\Program Files\Java\jdk-17\bin\server\jvm.dll
0x00007ffb4cf10000 - 0x00007ffb4cf18000 	C:\WINDOWS\System32\PSAPI.DLL
0x00007ffb21790000 - 0x00007ffb21799000 	C:\WINDOWS\SYSTEM32\WSOCK32.dll
0x00007ffb3df20000 - 0x00007ffb3df54000 	C:\WINDOWS\SYSTEM32\WINMM.dll
0x00007ffb4c6e0000 - 0x00007ffb4c751000 	C:\WINDOWS\System32\WS2_32.dll
0x00007ffb49880000 - 0x00007ffb49898000 	C:\WINDOWS\SYSTEM32\kernel.appcore.dll
0x00007ffb21780000 - 0x00007ffb2178a000 	C:\Program Files\Java\jdk-17\bin\jimage.dll
0x00007ffb48150000 - 0x00007ffb48382000 	C:\WINDOWS\SYSTEM32\DBGHELP.DLL
0x00007ffb4c290000 - 0x00007ffb4c61e000 	C:\WINDOWS\System32\combase.dll
0x00007ffb4d350000 - 0x00007ffb4d427000 	C:\WINDOWS\System32\OLEAUT32.dll
0x00007ffb3c7c0000 - 0x00007ffb3c7f2000 	C:\WINDOWS\SYSTEM32\dbgcore.DLL
0x00007ffb4a780000 - 0x00007ffb4a7fb000 	C:\WINDOWS\System32\bcryptPrimitives.dll
0x00007ffb14870000 - 0x00007ffb1487e000 	C:\Program Files\Java\jdk-17\bin\instrument.dll
0x00007ffb1d050000 - 0x00007ffb1d075000 	C:\Program Files\Java\jdk-17\bin\java.dll
0x00007ffb0c5c0000 - 0x00007ffb0c697000 	C:\Program Files\Java\jdk-17\bin\jsvml.dll
0x00007ffb4b9c0000 - 0x00007ffb4c229000 	C:\WINDOWS\System32\SHELL32.dll
0x00007ffb486a0000 - 0x00007ffb48f9f000 	C:\WINDOWS\SYSTEM32\windows.storage.dll
0x00007ffb48560000 - 0x00007ffb4869f000 	C:\WINDOWS\SYSTEM32\wintypes.dll
0x00007ffb4c8f0000 - 0x00007ffb4c9e9000 	C:\WINDOWS\System32\SHCORE.dll
0x00007ffb4c230000 - 0x00007ffb4c28e000 	C:\WINDOWS\System32\shlwapi.dll
0x00007ffb4a6b0000 - 0x00007ffb4a6d7000 	C:\WINDOWS\SYSTEM32\profapi.dll
0x00007ffb21010000 - 0x00007ffb21028000 	C:\Program Files\Java\jdk-17\bin\zip.dll
0x00007ffb216d0000 - 0x00007ffb216e9000 	C:\Program Files\Java\jdk-17\bin\net.dll
0x00007ffb46f70000 - 0x00007ffb470a6000 	C:\WINDOWS\SYSTEM32\WINHTTP.dll
0x00007ffb49ce0000 - 0x00007ffb49d49000 	C:\WINDOWS\system32\mswsock.dll
0x00007ffb213d0000 - 0x00007ffb213e6000 	C:\Program Files\Java\jdk-17\bin\nio.dll
0x00007ffb0d3d0000 - 0x00007ffb0d3ea000 	C:\Program Files\JetBrains\IntelliJ IDEA 2024.2.0.1\bin\breakgen64.dll
0x00007ffb492a0000 - 0x00007ffb493a2000 	C:\WINDOWS\SYSTEM32\DNSAPI.dll
0x00007ffb49260000 - 0x00007ffb4928d000 	C:\WINDOWS\SYSTEM32\IPHLPAPI.DLL
0x00007ffb4c8e0000 - 0x00007ffb4c8e9000 	C:\WINDOWS\System32\NSI.dll
0x00007ffb454d0000 - 0x00007ffb454da000 	C:\Windows\System32\rasadhlp.dll
0x00007ffb459e0000 - 0x00007ffb45a63000 	C:\WINDOWS\System32\fwpuclnt.dll
0x00007ffb171d0000 - 0x00007ffb171da000 	C:\Program Files\Java\jdk-17\bin\management.dll
0x00007ffb16630000 - 0x00007ffb1663b000 	C:\Program Files\Java\jdk-17\bin\management_ext.dll
0x00007ffb4a030000 - 0x00007ffb4a04b000 	C:\WINDOWS\SYSTEM32\CRYPTSP.dll
0x00007ffb497e0000 - 0x00007ffb49815000 	C:\WINDOWS\system32\rsaenh.dll
0x00007ffb49d80000 - 0x00007ffb49da8000 	C:\WINDOWS\SYSTEM32\USERENV.dll
0x00007ffb4a010000 - 0x00007ffb4a01c000 	C:\WINDOWS\SYSTEM32\CRYPTBASE.dll
0x00007ffb46d80000 - 0x00007ffb46d99000 	C:\WINDOWS\SYSTEM32\dhcpcsvc6.DLL
0x00007ffb46d60000 - 0x00007ffb46d7f000 	C:\WINDOWS\SYSTEM32\dhcpcsvc.DLL
0x00007ffac3c80000 - 0x00007ffac3c97000 	C:\WINDOWS\system32\napinsp.dll
0x00007ffac3ca0000 - 0x00007ffac3cbb000 	C:\WINDOWS\system32\pnrpnsp.dll
0x00007ffac3cc0000 - 0x00007ffac3cd1000 	C:\WINDOWS\System32\winrnr.dll
0x00007ffb1aff0000 - 0x00007ffb1b005000 	C:\WINDOWS\system32\wshbth.dll
0x00007ffb0f910000 - 0x00007ffb0f937000 	C:\WINDOWS\system32\nlansp_c.dll
0x00007ffb1a420000 - 0x00007ffb1a479000 	C:\WINDOWS\SYSTEM32\pdh.dll
0x00007ffb1f6e0000 - 0x00007ffb1f6f1000 	C:\WINDOWS\System32\perfproc.dll
0x00007ffb34cb0000 - 0x00007ffb34cc0000 	C:\WINDOWS\System32\perfos.dll
0x00007ffb478e0000 - 0x00007ffb478f0000 	C:\WINDOWS\SYSTEM32\pfclient.dll
0x00007ffb44ff0000 - 0x00007ffb45000000 	C:\Program Files\Java\jdk-17\bin\verify.dll
0x00007ffb15ae0000 - 0x00007ffb15aee000 	C:\Program Files\Java\jdk-17\bin\sunmscapi.dll
0x00007ffb4a8d0000 - 0x00007ffb4aa36000 	C:\WINDOWS\System32\CRYPT32.dll
0x00007ffb4a140000 - 0x00007ffb4a16d000 	C:\WINDOWS\SYSTEM32\ncrypt.dll
0x00007ffb4a100000 - 0x00007ffb4a137000 	C:\WINDOWS\SYSTEM32\NTASN1.dll

dbghelp: loaded successfully - version: 4.0.5 - missing functions: none
symbol engine: initialized successfully - sym options: 0x614 - pdb path: .;C:\Program Files\Java\jdk-17\bin;C:\WINDOWS\SYSTEM32;C:\WINDOWS\WinSxS\amd64_microsoft.windows.common-controls_6595b64144ccf1df_6.0.22621.3672_none_2713b9d173822955;C:\Program Files\Java\jdk-17\bin\server;C:\Program Files\JetBrains\IntelliJ IDEA 2024.2.0.1\bin

VM Arguments:
jvm_args: -XX:TieredStopAtLevel=1 -Dspring.output.ansi.enabled=always -Dcom.sun.management.jmxremote -Dspring.jmx.enabled=true -Dspring.liveBeansView.mbeanDomain -Dspring.application.admin.enabled=true -Dmanagement.endpoints.jmx.exposure.include=* -javaagent:C:\Program Files\JetBrains\IntelliJ IDEA 2024.2.0.1\lib\idea_rt.jar=62385:C:\Program Files\JetBrains\IntelliJ IDEA 2024.2.0.1\bin -Dfile.encoding=UTF-8 
java_command: com.example.mscatalog.MsCatalogApplication
java_class_path (initial): D:\DAD-2024-2-G2-V2-clases\ms-catalog\target\classes;C:\Users\DTI-Laboratorio\.m2\repository\org\springframework\boot\spring-boot-starter-data-jpa\3.1.3\spring-boot-starter-data-jpa-3.1.3.jar;C:\Users\DTI-Laboratorio\.m2\repository\org\springframework\boot\spring-boot-starter-aop\3.1.3\spring-boot-starter-aop-3.1.3.jar;C:\Users\DTI-Laboratorio\.m2\repository\org\springframework\spring-aop\6.0.11\spring-aop-6.0.11.jar;C:\Users\DTI-Laboratorio\.m2\repository\org\aspectj\aspectjweaver\1.9.20\aspectjweaver-1.9.20.jar;C:\Users\DTI-Laboratorio\.m2\repository\org\springframework\boot\spring-boot-starter-jdbc\3.1.3\spring-boot-starter-jdbc-3.1.3.jar;C:\Users\DTI-Laboratorio\.m2\repository\com\zaxxer\HikariCP\5.0.1\HikariCP-5.0.1.jar;C:\Users\DTI-Laboratorio\.m2\repository\org\springframework\spring-jdbc\6.0.11\spring-jdbc-6.0.11.jar;C:\Users\DTI-Laboratorio\.m2\repository\org\hibernate\orm\hibernate-core\6.2.7.Final\hibernate-core-6.2.7.Final.jar;C:\Users\DTI-Laboratorio\.m2\repository\jakarta\persistence\jakarta.persistence-api\3.1.0\jakarta.persistence-api-3.1.0.jar;C:\Users\DTI-Laboratorio\.m2\repository\jakarta\transaction\jakarta.transaction-api\2.0.1\jakarta.transaction-api-2.0.1.jar;C:\Users\DTI-Laboratorio\.m2\repository\org\jboss\logging\jboss-logging\3.5.3.Final\jboss-logging-3.5.3.Final.jar;C:\Users\DTI-Laboratorio\.m2\repository\org\hibernate\common\hibernate-commons-annotations\6.0.6.Final\hibernate-commons-annotations-6.0.6.Final.jar;C:\Users\DTI-Laboratorio\.m2\repository\io\smallrye\jandex\3.0.5\jandex-3.0.5.jar;C:\Users\DTI-Laboratorio\.m2\repository\com\fasterxml\classmate\1.5.1\classmate-1.5.1.jar;C:\Users\DTI-Laboratorio\.m2\repository\net\bytebuddy\byte-buddy\1.14.6\byte-buddy-1.14.6.jar;C:\Users\DTI-Laboratorio\.m2\repository\org\glassfish\jaxb\jaxb-runtime\4.0.3\jaxb-runtime-4.0.3.jar;C:\Users\DTI-Laboratorio\.m2\repository\org\glassfish\jaxb\jaxb-core\4.0.3\jaxb-core-4.0.3.jar;C:\Users\DTI-Laboratorio\.m2\repository\org\e
Launcher Type: SUN_STANDARD

[Global flags]
     intx CICompilerCount                          = 12                                        {product} {ergonomic}
     uint ConcGCThreads                            = 4                                         {product} {ergonomic}
     uint G1ConcRefinementThreads                  = 15                                        {product} {ergonomic}
   size_t G1HeapRegionSize                         = 1048576                                   {product} {ergonomic}
    uintx GCDrainStackTargetSize                   = 64                                        {product} {ergonomic}
   size_t InitialHeapSize                          = 130023424                                 {product} {ergonomic}
     bool ManagementServer                         = true                                      {product} {command line}
   size_t MarkStackSize                            = 4194304                                   {product} {ergonomic}
   size_t MaxHeapSize                              = 2067791872                                {product} {ergonomic}
   size_t MaxNewSize                               = 1240465408                                {product} {ergonomic}
   size_t MinHeapDeltaBytes                        = 1048576                                   {product} {ergonomic}
   size_t MinHeapSize                              = 8388608                                   {product} {ergonomic}
    uintx NonProfiledCodeHeapSize                  = 0                                      {pd product} {ergonomic}
     bool ProfileInterpreter                       = false                                  {pd product} {command line}
    uintx ProfiledCodeHeapSize                     = 0                                      {pd product} {ergonomic}
   size_t SoftMaxHeapSize                          = 2067791872                             {manageable} {ergonomic}
     intx TieredStopAtLevel                        = 1                                         {product} {command line}
     bool UseCompressedClassPointers               = true                           {product lp64_product} {ergonomic}
     bool UseCompressedOops                        = true                           {product lp64_product} {ergonomic}
     bool UseG1GC                                  = true                                      {product} {ergonomic}
     bool UseLargePagesIndividualAllocation        = false                                  {pd product} {ergonomic}

Logging:
Log output configuration:
 #0: stdout all=warning uptime,level,tags
 #1: stderr all=off uptime,level,tags

Environment Variables:
PATH=C:\Program Files\Common Files\Oracle\Java\javapath;C:\WINDOWS\system32;C:\WINDOWS;C:\WINDOWS\System32\Wbem;C:\WINDOWS\System32\WindowsPowerShell\v1.0\;C:\WINDOWS\System32\OpenSSH\;C:\Program Files (x86)\Statgraphics\STATGRAPHICS Centurion XVI.I\;C:\Program Files (x86)\Microchip\MPLAB C32 Suite\bin;C:\Program Files\nodejs\;C:\xampp\php;C:\composer;C:\Users\DTI-Laboratorio\AppData\Local\Microsoft\WindowsApps;C:\Users\DTI-Laboratorio\AppData\Local\Programs\Microsoft VS Code\bin;C:\Users\DTI-Laboratorio\AppData\Local\Programs\Git\cmd;C:\Users\DTI-Laboratorio\AppData\Local\GitHubDesktop\bin;C:\Users\DTI-Laboratorio\AppData\Roaming\npm
USERNAME=DTI-Laboratorio
OS=Windows_NT
PROCESSOR_IDENTIFIER=Intel64 Family 6 Model 151 Stepping 2, GenuineIntel



---------------  S Y S T E M  ---------------

OS:
 Windows 11 , 64 bit Build 22621 (10.0.22621.3958)
OS uptime: 1 days 0:38 hours
Hyper-V role detected

CPU: total 20 (initial active 20) (10 cores per cpu, 2 threads per core) family 6 model 151 stepping 2 microcode 0x2e, cx8, cmov, fxsr, ht, mmx, 3dnowpref, sse, sse2, sse3, ssse3, sse4.1, sse4.2, popcnt, lzcnt, tsc, tscinvbit, avx, avx2, aes, erms, clmul, bmi1, bmi2, adx, sha, fma, vzeroupper, clflush, clflushopt, clwb, hv

Memory: 4k page, system-wide physical 7880M (455M free)
TotalPageFile size 32456M (AvailPageFile size 16M)
current process WorkingSet (physical memory assigned to process): 274M, peak: 274M
current process commit charge ("private bytes"): 338M, peak: 361M

vm_info: Java HotSpot(TM) 64-Bit Server VM (17.0.10+11-LTS-240) for windows-amd64 JRE (17.0.10+11-LTS-240), built on Dec 19 2023 21:47:25 by "mach5one" with MS VC++ 17.1 (VS2022)

END.
